<?xml version="1.0" encoding="UTF-8"?>
<testng-results ignored="0" total="2" passed="2" failed="0" skipped="0">
  <reporter-output>
  </reporter-output>
  <suite started-at="2026-03-17T15:53:15 IST" name="Suite" finished-at="2026-03-17T15:53:15 IST" duration-ms="59">
    <groups>
    </groups>
    <test started-at="2026-03-17T15:53:15 IST" name="Test" finished-at="2026-03-17T15:53:15 IST" duration-ms="59">
      <class name="pac2.orgTest">
        <test-method signature="createOrgTest()[pri:0, instance:pac2.orgTest@17046283]" started-at="2026-03-17T15:53:15 IST" name="createOrgTest" finished-at="2026-03-17T15:53:15 IST" duration-ms="14" status="PASS">
          <reporter-output>
          </reporter-output>
        </test-method> <!-- createOrgTest -->
        <test-method signature="modifyOrgTest()[pri:0, instance:pac2.orgTest@17046283]" started-at="2026-03-17T15:53:15 IST" name="modifyOrgTest" finished-at="2026-03-17T15:53:15 IST" duration-ms="2" status="PASS">
          <reporter-output>
          </reporter-output>
        </test-method> <!-- modifyOrgTest -->
      </class> <!-- pac2.orgTest -->
    </test> <!-- Test -->
  </suite> <!-- Suite -->
</testng-results>
