<?xml version="1.0" encoding="UTF-8"?>
<!-- Generated by org.testng.reporters.JUnitXMLReporter -->
<testsuite ignored="0" hostname="Thirumalesh" failures="0" tests="4" name="Surefire test" time="0.051" errors="0" timestamp="2026-03-17T15:47:31 IST">
  <testcase classname="pac1.ContactTest" name="createContactTest" time="0.004"/>
  <testcase classname="pac1.ContactTest" name="modifyContactTest" time="0.002"/>
  <testcase classname="pac2.orgTest" name="createOrgTest" time="0.0"/>
  <testcase classname="pac2.orgTest" name="modifyOrgTest" time="0.0"/>
</testsuite> <!-- Surefire test -->
